O O B-artist O B-album O B-service I-service
O B-entity_name I-entity_name I-entity_name O O B-playlist I-playlist O
O O O B-object_select B-object_type O O O O B-rating_value O O O O O B-best_rating
O O B-music_item B-track I-track I-track
O O B-artist I-artist O B-playlist_owner O B-playlist I-playlist I-playlist
O B-artist I-artist I-artist O B-playlist_owner B-playlist I-playlist I-playlist O
O O O O O B-year O
O O B-sort B-music_item O B-artist I-artist
O B-movie_name I-movie_name
O O O O B-party_size_number O B-state
O O O O O B-city B-state O B-timeRange I-timeRange I-timeRange I-timeRange I-timeRange I-timeRange I-timeRange
O B-object_select B-object_part_of_series_type O B-rating_value
O O O O O B-object_type I-object_type O B-movie_type B-spatial_relation I-spatial_relation I-spatial_relation
O O O O O B-year O O B-artist
O O O O O O O O B-geographic_poi I-geographic_poi I-geographic_poi B-spatial_relation B-timeRange I-timeRange I-timeRange
O O B-restaurant_type O B-party_size_number O B-timeRange I-timeRange I-timeRange
O O O O O B-restaurant_type O B-city I-city B-state O B-party_size_description I-party_size_description I-party_size_description I-party_size_description
O O O B-playlist I-playlist B-entity_name I-entity_name I-entity_name I-entity_name
O O B-restaurant_type O B-timeRange I-timeRange I-timeRange O B-state
O O B-music_item O O B-playlist I-playlist I-playlist I-playlist O
O O B-object_location_type I-object_location_type O B-movie_name I-movie_name I-movie_name I-movie_name
O B-entity_name I-entity_name O B-playlist_owner O B-playlist I-playlist I-playlist
O O O B-object_type B-object_name I-object_name I-object_name I-object_name I-object_name
O O B-object_name I-object_name I-object_name I-object_name I-object_name I-object_name
O O B-music_item O B-playlist_owner B-playlist I-playlist
O B-movie_type I-movie_type B-spatial_relation O O B-object_location_type I-object_location_type
O B-object_name I-object_name B-object_type
O B-object_select B-object_type B-rating_value B-rating_unit
O O O O B-movie_type I-movie_type B-spatial_relation I-spatial_relation I-spatial_relation
O B-object_type I-object_type
O O B-sort I-sort B-artist O O B-service
O O O O O B-object_select B-object_type B-rating_value B-rating_unit
O B-entity_name O B-playlist_owner B-playlist O
O B-object_type I-object_type O B-location_name I-location_name I-location_name
O O O O O O B-object_type B-object_name I-object_name
O O O O O O O B-sort B-restaurant_type O B-state
O O O O O O B-current_location I-current_location B-timeRange I-timeRange I-timeRange I-timeRange
O O B-playlist I-playlist I-playlist I-playlist
O O B-music_item O B-playlist_owner I-playlist_owner B-playlist I-playlist O
O O B-object_type I-object_type O B-object_name I-object_name
O O B-object_type O B-object_name
O O B-restaurant_type O O B-served_dish B-spatial_relation I-spatial_relation I-spatial_relation O B-state
O O O O O B-object_type O B-movie_name I-movie_name I-movie_name
O O B-music_item O B-artist I-artist
O O O O O O O O O B-city O O O O B-country
O O B-music_item O B-playlist_owner O B-playlist I-playlist I-playlist I-playlist I-playlist
O O O B-condition_temperature O B-state
O B-object_select B-object_type O B-rating_value
B-spatial_relation I-spatial_relation I-spatial_relation O O B-movie_type
O B-object_type O B-movie_name I-movie_name I-movie_name O O O O O B-object_location_type
O O B-restaurant_type O B-party_size_number
O B-track I-track I-track I-track O B-artist I-artist
O O O O O B-artist I-artist B-music_item
O O O O O B-restaurant_type B-spatial_relation I-spatial_relation O B-poi I-poi
O O B-rating_unit O O B-best_rating O B-object_name I-object_name I-object_name I-object_name O O O B-rating_value
O B-entity_name I-entity_name O B-playlist_owner O O B-playlist
O O B-object_select B-object_type B-rating_value O O B-best_rating
O O O O B-spatial_relation I-spatial_relation O B-geographic_poi I-geographic_poi I-geographic_poi I-geographic_poi I-geographic_poi
O B-entity_name I-entity_name O O O O B-playlist I-playlist
O O B-condition_description O B-geographic_poi I-geographic_poi I-geographic_poi I-geographic_poi I-geographic_poi
O B-genre O B-service
O O O B-music_item O B-playlist I-playlist
O O B-object_type O O B-best_rating O O O O B-object_select O O B-rating_value
O O O B-object_type I-object_type O B-location_name I-location_name
O O O B-object_type B-object_name I-object_name
O B-object_select B-object_type B-rating_value O O B-best_rating
O B-movie_name I-movie_name I-movie_name O B-location_name I-location_name
O B-music_item O B-artist O B-service
O O B-object_select B-object_type O B-rating_value
O O O O O B-music_item O B-service O B-artist I-artist
O B-object_name I-object_name I-object_name
O B-object_name O B-object_type
O O B-object_select B-object_type B-rating_value O O B-best_rating
O O B-music_item O O O O B-playlist
O B-object_name I-object_name I-object_name
O O B-object_name I-object_name I-object_name B-rating_value O O B-best_rating B-rating_unit
O O O O O O O B-restaurant_name I-restaurant_name O B-country O O B-party_size_number
O O O O B-condition_description B-spatial_relation O B-current_location I-current_location O B-timeRange I-timeRange I-timeRange
O B-rating_value O B-best_rating B-rating_unit O O B-object_select B-object_type
O B-artist I-artist O B-playlist_owner B-playlist I-playlist O
O O O B-object_type O B-object_name I-object_name I-object_name
O B-object_name I-object_name I-object_name I-object_name O B-rating_value
O O B-object_type I-object_type O B-object_name I-object_name I-object_name I-object_name I-object_name
O B-artist I-artist O B-playlist_owner B-playlist I-playlist O
O O O O O O O O O B-state I-state B-timeRange I-timeRange I-timeRange I-timeRange
O O B-object_type O B-object_name I-object_name I-object_name I-object_name
O B-movie_type O O O B-location_name I-location_name I-location_name
O O B-object_name I-object_name I-object_name I-object_name B-object_part_of_series_type O B-rating_value O B-best_rating
O O O O O B-object_type O B-object_name I-object_name
O O B-music_item O B-playlist_owner O O B-playlist I-playlist
O B-object_name I-object_name I-object_name I-object_name I-object_name I-object_name I-object_name B-rating_value O B-best_rating
O O B-object_name I-object_name I-object_name I-object_name
O B-music_item O B-playlist I-playlist I-playlist I-playlist I-playlist I-playlist
O O O B-artist I-artist O O O O B-playlist_owner O B-playlist I-playlist I-playlist
O O B-object_name I-object_name I-object_name I-object_name I-object_name B-object_type
O O O O O B-object_type I-object_type B-object_name I-object_name
O O O O O B-restaurant_type O B-served_dish I-served_dish I-served_dish O B-country
O O B-object_name I-object_name B-object_type
O O B-music_item O B-playlist I-playlist
O O O O B-party_size_number O O B-sort B-restaurant_type O O B-cuisine B-spatial_relation B-poi I-poi
O B-artist I-artist O O B-year
O O B-music_item O B-playlist_owner B-playlist I-playlist O
O O O O O O B-object_type B-object_name I-object_name I-object_name I-object_name I-object_name I-object_name
O B-object_name I-object_name I-object_name I-object_name I-object_name I-object_name O O O B-rating_value O B-best_rating B-rating_unit
O O B-object_type B-object_name I-object_name I-object_name I-object_name O O B-rating_value B-rating_unit
O O O B-condition_temperature B-timeRange O B-city I-city
O B-album I-album I-album O B-artist I-artist
O O O O B-restaurant_name I-restaurant_name O B-party_size_description I-party_size_description I-party_size_description I-party_size_description O B-state
O O B-timeRange O O B-party_size_number
O O B-object_type I-object_type O B-movie_type I-movie_type B-spatial_relation I-spatial_relation
O B-artist I-artist O B-playlist I-playlist O
O O O O O B-timeRange I-timeRange O O O O B-party_size_number O B-city I-city
O O O B-object_type O B-object_name I-object_name I-object_name I-object_name I-object_name I-object_name
O O B-object_type O B-object_name I-object_name I-object_name
O B-music_item O B-playlist_owner B-playlist O
O B-movie_type O O O O B-spatial_relation B-object_location_type I-object_location_type
O B-entity_name I-entity_name I-entity_name O B-playlist_owner O O B-playlist I-playlist I-playlist I-playlist
O O B-artist I-artist B-music_item
O B-entity_name O O B-playlist I-playlist I-playlist I-playlist O
O O B-music_item O B-playlist
O O O O B-object_name
O O O O O O B-served_dish I-served_dish B-restaurant_type B-timeRange I-timeRange I-timeRange
O B-object_select B-object_part_of_series_type O B-rating_value
O O B-music_item O O B-playlist I-playlist I-playlist I-playlist O
O O O O O B-restaurant_name I-restaurant_name O B-timeRange I-timeRange I-timeRange
O O O B-condition_description O B-city O B-timeRange I-timeRange
O O O O B-object_name I-object_name I-object_name I-object_name B-rating_value O O B-best_rating B-rating_unit
O O O B-year
O B-service
O O O O B-object_name I-object_name I-object_name B-object_type
O O B-object_type I-object_type O B-object_name I-object_name
O O B-spatial_relation B-object_location_type I-object_location_type O B-movie_type
O O O O B-object_name I-object_name I-object_name
O B-year O
O O B-object_type O B-object_name I-object_name I-object_name I-object_name I-object_name
O B-movie_name I-movie_name I-movie_name I-movie_name O O B-timeRange I-timeRange I-timeRange O O B-spatial_relation B-object_location_type
O O B-object_type I-object_type
O B-entity_name I-entity_name O B-playlist I-playlist I-playlist I-playlist
O O O O O B-country I-country
O B-rating_value B-rating_unit O B-object_name I-object_name I-object_name I-object_name
O B-movie_type O O O B-location_name I-location_name
O B-artist I-artist I-artist
O O B-music_item O O B-playlist I-playlist I-playlist I-playlist I-playlist O
O B-rating_value O O B-best_rating O B-object_select B-object_type
O B-rating_value O O B-best_rating O B-object_name I-object_name I-object_name
O B-object_type I-object_type
O O O B-object_type O B-object_name I-object_name I-object_name I-object_name I-object_name
O B-object_select B-object_type B-rating_value O O B-best_rating B-rating_unit
O O B-spatial_relation B-geographic_poi I-geographic_poi I-geographic_poi I-geographic_poi
O O O O O O O B-facility I-facility O O B-restaurant_type O B-timeRange I-timeRange I-timeRange
O O O O O O O B-rating_value O B-best_rating O O B-object_type O B-object_name I-object_name I-object_name I-object_name I-object_name I-object_name
O B-entity_name O B-playlist_owner B-playlist I-playlist
O O B-object_select B-object_type B-rating_value O B-best_rating
O O O O O B-party_size_number O O O B-restaurant_type O O B-facility
O O O O O B-genre O O B-service
O B-object_select B-object_type O B-rating_value
O B-service O O O
O O O O O O B-timeRange I-timeRange I-timeRange I-timeRange O B-country
O B-artist I-artist O B-playlist I-playlist O
O O O O B-party_size_number O O B-restaurant_type O B-facility
O B-playlist_owner B-music_item O B-playlist I-playlist I-playlist O
O O O B-object_type I-object_type O B-movie_type B-spatial_relation I-spatial_relation
O O O O O O B-city I-city
O O O O O O B-spatial_relation I-spatial_relation O B-state O B-timeRange I-timeRange I-timeRange
O B-album I-album I-album I-album I-album I-album O B-artist I-artist
B-country B-city O B-condition_description O O B-timeRange I-timeRange
O B-object_name I-object_name I-object_name
O B-sort B-music_item O B-year
O O O O B-restaurant_name I-restaurant_name O B-state O O O O B-party_size_number
O O O B-service I-service
O B-rating_value B-rating_unit O B-object_select B-object_part_of_series_type
O B-object_name I-object_name I-object_name I-object_name I-object_name
O O O O O O B-object_type B-object_name I-object_name I-object_name I-object_name
O O B-object_name I-object_name I-object_name I-object_name B-object_type
O O O B-object_type I-object_type
O O O O B-object_type B-object_name I-object_name I-object_name I-object_name I-object_name
O O O B-spatial_relation B-object_location_type I-object_location_type O O O B-movie_name I-movie_name I-movie_name
O O B-object_type O B-object_name I-object_name
O O B-movie_name I-movie_name I-movie_name O
O O O O O B-year O B-artist I-artist O B-service
O O O B-year O B-artist I-artist
O O O O O B-music_item O B-artist I-artist I-artist O B-playlist_owner B-playlist I-playlist O
O B-entity_name I-entity_name O O B-playlist I-playlist I-playlist O
O O B-music_item O B-playlist I-playlist I-playlist O
O B-object_select B-object_part_of_series_type B-rating_value O O O O O B-best_rating
O B-object_type I-object_type O B-spatial_relation I-spatial_relation B-movie_type
O O O B-object_select B-object_type B-rating_value O O B-best_rating B-rating_unit
O O O B-music_item O B-artist I-artist
O O O B-object_name I-object_name I-object_name
O O O O O B-movie_type O O B-spatial_relation B-object_location_type I-object_location_type
O O O O O O O B-timeRange I-timeRange I-timeRange O B-state
O B-entity_name I-entity_name O B-playlist_owner O O B-playlist I-playlist I-playlist I-playlist
O O O O O B-object_type O B-object_name I-object_name
O O O O O B-condition_temperature O O B-state
O O O O O B-party_size_number B-timeRange I-timeRange O O B-restaurant_type
O O B-music_item B-track I-track
O O B-year B-music_item O O B-service
O O O O B-party_size_number O O B-cuisine I-cuisine B-restaurant_type
O O O O O B-restaurant_type O B-party_size_description I-party_size_description I-party_size_description I-party_size_description O B-country
O O B-sort B-music_item O B-artist I-artist O B-service
O O B-object_type B-object_name I-object_name I-object_name I-object_name
O B-entity_name I-entity_name I-entity_name I-entity_name I-entity_name O O B-playlist I-playlist O
O O B-music_item O B-playlist I-playlist
O O O B-object_select B-object_type B-rating_value O O B-best_rating B-rating_unit
O O O O B-timeRange I-timeRange I-timeRange O B-city
O B-entity_name I-entity_name I-entity_name I-entity_name O B-playlist_owner B-playlist I-playlist I-playlist O
O B-object_select B-object_type O B-rating_value
O O O O B-party_size_number O O B-restaurant_type O B-city B-state
O O O O O O B-city I-city O B-timeRange I-timeRange I-timeRange
O B-entity_name I-entity_name I-entity_name I-entity_name O O O B-playlist I-playlist I-playlist
O B-entity_name I-entity_name I-entity_name I-entity_name I-entity_name I-entity_name I-entity_name I-entity_name O B-playlist_owner B-playlist I-playlist I-playlist O
O O B-object_type I-object_type B-object_name I-object_name I-object_name I-object_name I-object_name I-object_name I-object_name I-object_name
O O O O O O B-restaurant_name I-restaurant_name
O O B-object_type O B-movie_name I-movie_name O O B-spatial_relation B-object_location_type I-object_location_type O B-timeRange
O B-object_select B-object_part_of_series_type B-rating_value O B-best_rating B-rating_unit
O B-object_select B-object_part_of_series_type O O B-rating_value O
O O O O O O O B-current_location I-current_location O B-timeRange I-timeRange I-timeRange I-timeRange
O B-movie_name I-movie_name I-movie_name O B-timeRange I-timeRange I-timeRange I-timeRange
O B-entity_name O B-playlist_owner I-playlist_owner B-playlist I-playlist O
O O B-movie_name I-movie_name I-movie_name I-movie_name O O B-location_name I-location_name
O B-object_name I-object_name I-object_name
O B-object_type O B-rating_unit O O B-object_select O O B-rating_value
O B-object_name I-object_name I-object_name I-object_name I-object_name I-object_name
O B-artist I-artist O B-playlist_owner B-playlist I-playlist O
O O B-object_name I-object_name
O O O B-entity_name I-entity_name I-entity_name I-entity_name O B-playlist_owner B-playlist I-playlist I-playlist I-playlist I-playlist O
O B-artist I-artist B-music_item O B-playlist I-playlist I-playlist I-playlist
O O O O O B-condition_temperature O O B-city
O O O O O B-object_type O O B-object_name I-object_name
O B-track I-track I-track I-track I-track I-track O B-artist I-artist
O B-track I-track I-track I-track I-track O B-artist I-artist I-artist
O O B-restaurant_type B-spatial_relation I-spatial_relation O B-city O B-party_size_number O
O O B-object_select B-object_type B-rating_value B-rating_unit
O O B-year B-music_item O B-artist I-artist
O B-year O O O O B-service
O B-object_name I-object_name B-rating_value O B-best_rating B-rating_unit
O O B-restaurant_type O B-party_size_number O O B-restaurant_type O O O O O B-served_dish O
O B-object_name I-object_name I-object_name I-object_name I-object_name B-rating_value O O B-best_rating
O O O B-movie_name I-movie_name O
O O O B-year
O B-album I-album I-album I-album I-album
O O B-music_item O B-playlist I-playlist I-playlist
O O O O B-object_type B-object_name
O O B-music_item O B-playlist_owner B-playlist I-playlist O
O O B-object_type B-object_name I-object_name I-object_name I-object_name I-object_name I-object_name
O O B-artist I-artist B-music_item O O B-playlist I-playlist O
O O B-artist I-artist B-music_item O B-playlist
O B-restaurant_name I-restaurant_name I-restaurant_name O B-country I-country I-country I-country O B-party_size_number O
O O B-artist I-artist O B-year
O O B-music_item I-music_item O B-artist I-artist
O B-poi I-poi O B-party_size_number O O B-restaurant_type B-facility O O B-spatial_relation I-spatial_relation
O O O O B-artist I-artist B-year O O B-service
O O B-music_item O B-playlist_owner B-playlist I-playlist I-playlist I-playlist O
O O O O O O B-condition_description B-timeRange I-timeRange I-timeRange I-timeRange I-timeRange I-timeRange I-timeRange I-timeRange I-timeRange O B-geographic_poi I-geographic_poi I-geographic_poi I-geographic_poi
O O O B-object_select B-object_type B-rating_value B-rating_unit O O O O O B-best_rating
O B-rating_value O O B-best_rating B-rating_unit O B-object_name I-object_name I-object_name
O O O O B-object_type I-object_type
O O O O O B-state I-state O O O B-condition_description
O O O O O B-city B-country
O O O O B-music_item O O O B-playlist I-playlist
O O O O O B-spatial_relation B-restaurant_type O O B-served_dish O B-state O O O O B-party_size_number O B-timeRange I-timeRange
O B-object_select I-object_select B-object_type B-rating_value O O B-best_rating
O O O O O O B-sort I-sort B-restaurant_type
O O B-object_select B-object_type B-rating_value B-rating_unit
O O O O O B-spatial_relation I-spatial_relation O B-current_location
O O O O O B-restaurant_type O O O B-facility
O B-service B-genre O
O O O O B-sort O O B-artist I-artist
O B-service O O B-artist I-artist B-music_item O B-year
O O O O O B-restaurant_type I-restaurant_type B-spatial_relation B-state O O O O B-party_size_number
O B-entity_name O O B-playlist I-playlist I-playlist O
O O O O O B-timeRange I-timeRange I-timeRange O B-state
O O O B-object_type B-object_name I-object_name I-object_name I-object_name I-object_name
O O B-object_type I-object_type
O O O B-condition_description O B-city O B-country
O B-movie_type O O B-spatial_relation I-spatial_relation I-spatial_relation
O O O B-object_name I-object_name I-object_name I-object_name I-object_name O O O B-rating_value O O O O O B-best_rating
O O O B-artist I-artist O B-year O B-service
O B-movie_type O O O B-location_name I-location_name
O O B-restaurant_type O B-party_size_number O
O B-object_type I-object_type O B-location_name I-location_name
O O B-condition_temperature O B-city I-city B-country
O B-object_name I-object_name I-object_name I-object_name B-object_type
O O O O O O O O O B-country
O O O B-object_name I-object_name
O O O O B-restaurant_name O B-city O B-party_size_description I-party_size_description I-party_size_description
O O O O O B-city I-city I-city O B-state O B-condition_temperature O
O B-entity_name I-entity_name I-entity_name I-entity_name O B-playlist_owner B-playlist I-playlist O
O O B-city B-timeRange I-timeRange I-timeRange I-timeRange
O O O O O B-party_size_number O O B-restaurant_type
O B-object_name I-object_name I-object_name B-rating_value O O B-best_rating
O B-artist I-artist O B-playlist_owner B-playlist I-playlist I-playlist I-playlist O
O O B-restaurant_name I-restaurant_name O B-party_size_number O
O O O O B-object_name
O O O O O B-city
O O O O B-party_size_number O O O B-sort B-restaurant_type O B-city O O B-cuisine O
O B-object_type I-object_type O B-location_name I-location_name
O O O B-restaurant_type O B-state O B-party_size_number O O
O B-track O B-artist I-artist O B-service I-service
B-restaurant_type O B-country O B-party_size_description I-party_size_description I-party_size_description I-party_size_description
O O B-object_name I-object_name I-object_name I-object_name I-object_name
O B-track I-track O B-artist I-artist
O B-music_item O B-playlist_owner B-playlist I-playlist I-playlist I-playlist
O O O O O B-country I-country B-timeRange I-timeRange
O B-movie_name I-movie_name I-movie_name O
O O B-object_type I-object_type O B-location_name I-location_name
B-object_name I-object_name I-object_name I-object_name I-object_name I-object_name I-object_name I-object_name I-object_name O B-rating_value O O B-best_rating B-rating_unit
O O O B-object_type O B-object_name I-object_name
O O O O O O O B-object_name I-object_name I-object_name
O B-artist I-artist O B-playlist I-playlist
O B-entity_name O B-playlist_owner B-playlist I-playlist I-playlist O
O B-playlist I-playlist I-playlist O B-playlist_owner B-artist I-artist
O O O O B-object_part_of_series_type B-object_name I-object_name I-object_name I-object_name I-object_name I-object_name I-object_name I-object_name I-object_name O O O B-rating_value B-rating_unit
O O B-year B-music_item O B-artist I-artist I-artist O B-service I-service
O O B-object_type I-object_type O B-object_name I-object_name I-object_name I-object_name
O O B-condition_description B-current_location O B-timeRange
O B-object_select O B-rating_value O O B-object_type
O O O B-entity_name I-entity_name O B-playlist_owner O O B-playlist I-playlist I-playlist
O O O B-service O O O B-music_item O B-year O B-artist I-artist
O O O B-entity_name I-entity_name I-entity_name I-entity_name O B-playlist_owner O O B-playlist
O O O O O B-object_name I-object_name I-object_name
O O O O O B-object_type B-object_name I-object_name I-object_name
O O O O O O O B-party_size_description I-party_size_description I-party_size_description O B-restaurant_name I-restaurant_name I-restaurant_name O B-city
O O O B-object_location_type O B-movie_name I-movie_name I-movie_name
O O O B-year
O B-entity_name I-entity_name I-entity_name O B-playlist
O O B-object_type I-object_type B-object_name I-object_name I-object_name I-object_name
O O B-spatial_relation B-movie_type O O B-object_location_type I-object_location_type
O B-sort B-artist I-artist
O O O O O B-city I-city
O O O O B-entity_name O B-playlist_owner O O B-playlist I-playlist
O O O O O B-party_size_number O B-city
O O B-music_item O O B-year
O B-entity_name I-entity_name I-entity_name O B-playlist_owner B-playlist I-playlist I-playlist O
O O O O O O B-current_location I-current_location O B-condition_description O
O O O B-restaurant_name I-restaurant_name I-restaurant_name I-restaurant_name O B-timeRange I-timeRange O O O O B-party_size_number
O B-object_name I-object_name I-object_name I-object_name B-rating_value O O B-best_rating B-rating_unit
O B-object_type I-object_type O B-movie_type B-spatial_relation I-spatial_relation
O O O B-object_name I-object_name I-object_name B-object_type
O O B-object_type O B-object_name I-object_name I-object_name
B-object_name I-object_name I-object_name I-object_name I-object_name I-object_name O O O B-rating_value B-rating_unit O O O O O B-best_rating
B-party_size_description I-party_size_description I-party_size_description I-party_size_description I-party_size_description O O O O O B-restaurant_type O B-timeRange I-timeRange I-timeRange
O B-service O O O B-sort O O B-artist
O O O O O B-condition_temperature B-timeRange O B-city
O O B-object_type I-object_type
O O O O B-object_type I-object_type O B-location_name I-location_name
O O O B-artist I-artist
O O O O B-object_name I-object_name I-object_name I-object_name
O O O O O O B-party_size_number O O B-spatial_relation O B-city O O B-restaurant_type O B-served_dish I-served_dish
O O B-sort B-cuisine O O O B-restaurant_type O B-city O B-party_size_number
O O O O O O O B-city I-city B-state O B-timeRange
O O O O B-party_size_number O O O B-restaurant_type O O B-served_dish
O O O B-condition_description B-timeRange I-timeRange O B-state I-state
O B-object_select B-object_part_of_series_type I-object_part_of_series_type B-rating_value B-rating_unit
O O O O O B-condition_temperature O B-city
O B-condition_temperature O O B-spatial_relation O B-city
O B-movie_type O B-location_name I-location_name I-location_name
O O B-year O O B-service
O B-entity_name I-entity_name I-entity_name I-entity_name O B-playlist_owner B-playlist I-playlist I-playlist
O B-object_select B-object_type B-rating_value B-rating_unit
O O O O O O O B-restaurant_type O O B-facility O B-party_size_description I-party_size_description I-party_size_description
O O B-object_name I-object_name B-object_part_of_series_type O B-rating_value
O O O O O O B-restaurant_name I-restaurant_name I-restaurant_name
O O O B-movie_type O B-spatial_relation B-object_location_type I-object_location_type
O O B-artist B-music_item O B-service
O O O O O O B-rating_value O O B-object_name I-object_name I-object_name I-object_name
B-object_select B-object_part_of_series_type O O B-rating_value O O B-best_rating
O B-object_name I-object_name I-object_name I-object_name I-object_name I-object_name B-rating_value O O B-best_rating B-rating_unit
O B-entity_name O B-playlist_owner B-playlist I-playlist I-playlist O
O B-entity_name I-entity_name I-entity_name O O B-playlist I-playlist I-playlist O
O O O B-state I-state O O B-condition_temperature O
O B-entity_name O B-playlist_owner B-playlist O
O O B-object_name I-object_name I-object_name O B-rating_value O O B-best_rating
O O B-object_name I-object_name I-object_name B-object_part_of_series_type O B-rating_value
O O O O O B-object_type I-object_type B-object_name I-object_name I-object_name
O O O O O O B-object_type B-object_name I-object_name I-object_name
O O B-spatial_relation B-object_location_type I-object_location_type O O B-movie_type I-movie_type
O O O O O B-restaurant_name I-restaurant_name O B-city I-city O O O O B-party_size_number
O O B-artist I-artist B-music_item O B-playlist_owner B-playlist I-playlist
O O O O O O B-current_location
O O B-music_item O B-playlist_owner B-playlist I-playlist O
O O O O B-album I-album I-album O B-artist I-artist
O O B-object_type I-object_type O B-object_name I-object_name I-object_name I-object_name
O B-movie_name I-movie_name O
O O O O O B-object_select B-object_type O B-rating_value
O O O B-spatial_relation B-object_location_type O O B-movie_type I-movie_type
O O O O B-object_select B-object_type O O O B-rating_value O O O O O B-best_rating
O O O O B-object_type I-object_type O B-location_name I-location_name I-location_name
O B-movie_type O O O B-location_name I-location_name
O O B-music_item O O B-playlist O
O O O O O O O B-timeRange I-timeRange I-timeRange O B-geographic_poi I-geographic_poi I-geographic_poi
O O O O O B-party_size_number O O B-state B-restaurant_name O B-timeRange
O O O O O O O O B-spatial_relation B-country O B-timeRange
O B-entity_name I-entity_name I-entity_name I-entity_name O O B-playlist I-playlist O
O O O O O B-geographic_poi
O O B-object_type O B-object_name I-object_name I-object_name
O O B-music_item O B-artist I-artist I-artist O B-playlist_owner B-playlist I-playlist O
O O O O B-movie_name I-movie_name I-movie_name I-movie_name I-movie_name I-movie_name I-movie_name
O O O B-condition_temperature O B-city I-city B-state
O O B-restaurant_type O O B-served_dish O B-timeRange
O B-object_name I-object_name I-object_name I-object_name O B-object_type
O O B-music_item O B-playlist_owner O O B-playlist I-playlist I-playlist I-playlist
O O B-state O O B-restaurant_name I-restaurant_name I-restaurant_name I-restaurant_name
O B-object_name I-object_name I-object_name I-object_name O B-rating_value
O O O O O B-year B-music_item I-music_item
O O O B-object_type O B-object_name I-object_name I-object_name I-object_name I-object_name I-object_name
O O O O O B-spatial_relation O B-country I-country
O O B-object_name B-object_type
O O B-music_item O B-playlist_owner B-playlist O O
O O O O O B-restaurant_type O B-served_dish I-served_dish O B-timeRange O B-party_size_number O B-state I-state I-state
O B-music_item O B-playlist I-playlist
O B-artist I-artist O B-album I-album I-album I-album I-album O B-service
B-party_size_number O O O O O O O B-restaurant_type O O B-served_dish O B-state
O O B-restaurant_type O B-party_size_description I-party_size_description I-party_size_description B-spatial_relation I-spatial_relation I-spatial_relation O B-poi I-poi I-poi I-poi
O O O B-object_type I-object_type O B-location_name I-location_name I-location_name
O O O O B-timeRange O B-party_size_number O
O O B-restaurant_type O B-city I-city O B-timeRange
O O O B-spatial_relation B-object_location_type I-object_location_type O B-movie_name I-movie_name
O O O O O B-object_type I-object_type B-object_name I-object_name
O O O O B-object_name I-object_name I-object_name I-object_name I-object_name I-object_name O B-rating_value
O O O B-object_type I-object_type
O O O O O O B-music_item B-album I-album I-album I-album I-album I-album I-album O B-service
O O O B-condition_description O B-timeRange I-timeRange O B-state
O O B-playlist I-playlist O O B-service
O O B-music_item O B-artist I-artist
O O B-movie_type B-location_name I-location_name I-location_name O O B-timeRange I-timeRange
O O O O B-condition_description O B-city O O B-country I-country
O O O O O B-condition_temperature O B-state
O B-location_name I-location_name O B-movie_name I-movie_name I-movie_name O O
O B-rating_value O O B-best_rating O B-object_name I-object_name I-object_name
O O O B-object_name B-object_type I-object_type
O B-geographic_poi I-geographic_poi I-geographic_poi I-geographic_poi I-geographic_poi O B-condition_description O
O O O O O O B-condition_temperature B-timeRange I-timeRange I-timeRange I-timeRange B-current_location
O O O O B-year O
O B-entity_name I-entity_name I-entity_name I-entity_name O B-playlist_owner I-playlist_owner B-playlist I-playlist O
O O O O O B-object_type O B-object_name I-object_name I-object_name I-object_name I-object_name
O B-object_select B-object_type O B-rating_value
O O B-artist B-music_item O B-playlist_owner B-playlist I-playlist O
O B-music_item O B-playlist I-playlist I-playlist
O O B-object_select B-object_type O B-rating_value
O O O B-music_item O B-playlist I-playlist I-playlist
O O B-object_type B-object_name I-object_name I-object_name O O O B-rating_value
O O B-sort B-music_item O O B-year O B-artist I-artist
O O O O B-object_location_type I-object_location_type O O B-movie_name I-movie_name I-movie_name
O O O B-restaurant_type
O O O O O O B-geographic_poi I-geographic_poi I-geographic_poi B-timeRange I-timeRange I-timeRange I-timeRange
O O O O O B-sort B-music_item O O B-artist I-artist I-artist
O O O O O O O B-movie_type O O B-spatial_relation B-object_location_type I-object_location_type
O B-condition_temperature O O O B-city I-city
O O B-music_item O B-playlist_owner B-playlist O
O O O B-condition_temperature O B-geographic_poi I-geographic_poi I-geographic_poi
O O O O O B-movie_name O B-location_name I-location_name
O O O B-object_name I-object_name I-object_name
O B-object_name I-object_name B-object_part_of_series_type B-rating_value O B-best_rating
O O O O B-party_size_number O B-city I-city I-city B-state
O O O O B-object_select B-object_type B-rating_value O O B-best_rating B-rating_unit
O O B-movie_type B-spatial_relation I-spatial_relation I-spatial_relation
O B-object_name I-object_name I-object_name I-object_name I-object_name O B-object_type
O O O O B-object_select B-object_type B-rating_value O O B-best_rating
O B-entity_name O B-playlist I-playlist I-playlist
O B-object_name I-object_name I-object_name O B-rating_value
O B-artist I-artist O O O B-playlist I-playlist
O B-movie_name I-movie_name I-movie_name I-movie_name I-movie_name O B-location_name I-location_name I-location_name
O O O O O O B-cuisine B-restaurant_type I-restaurant_type O B-state
O O O O O B-timeRange I-timeRange O B-country
O O B-artist I-artist O B-playlist_owner O O B-playlist I-playlist
O O O O O O O B-movie_name I-movie_name I-movie_name
O B-artist I-artist I-artist O B-playlist_owner O B-playlist
O O O O O O B-current_location I-current_location
O O O O O B-condition_temperature O B-geographic_poi I-geographic_poi I-geographic_poi I-geographic_poi
O B-artist I-artist O B-playlist_owner B-playlist I-playlist I-playlist
O O B-music_item O B-playlist I-playlist
O O B-playlist O
O O B-object_location_type I-object_location_type O B-movie_name I-movie_name I-movie_name O O B-spatial_relation
O O B-object_name I-object_name B-object_type
O O O O B-object_type I-object_type O O B-movie_type O O B-spatial_relation I-spatial_relation
O O O O O O B-party_size_number O O B-spatial_relation O B-poi O B-timeRange I-timeRange
O O O B-object_type B-object_name I-object_name I-object_name I-object_name
O O B-genre O
O B-track I-track I-track O B-artist I-artist
B-timeRange I-timeRange I-timeRange I-timeRange I-timeRange I-timeRange O O O O O O O B-restaurant_type O B-city I-city
O B-object_name I-object_name B-rating_value O O B-best_rating B-rating_unit
O B-rating_value O O B-best_rating B-rating_unit O B-object_name I-object_name I-object_name
O O O O O B-condition_description O B-city I-city B-country B-timeRange I-timeRange
O O B-condition_temperature O B-geographic_poi I-geographic_poi I-geographic_poi O B-timeRange I-timeRange
O O O O O B-city
O O B-restaurant_type O B-city I-city B-state
O B-artist I-artist O B-music_item O B-service I-service
O O B-restaurant_type O B-party_size_description I-party_size_description I-party_size_description O B-timeRange I-timeRange
O O B-object_select B-object_type B-rating_value B-rating_unit
O O O O B-object_name I-object_name I-object_name I-object_name B-object_type
O O O B-sort B-music_item O B-year
O B-artist I-artist O O B-playlist_owner B-playlist O
O B-object_type I-object_type
O O B-object_type O B-object_name I-object_name I-object_name I-object_name
O O O O B-artist I-artist B-music_item
O O B-object_type O O B-spatial_relation B-movie_type O O B-object_location_type O B-timeRange O
O O B-music_item O B-artist I-artist O B-playlist_owner B-playlist I-playlist O
O O B-sort I-sort B-restaurant_type I-restaurant_type I-restaurant_type O B-city
O O B-object_select B-object_type O O O B-rating_value O O B-best_rating
O B-artist I-artist O B-playlist_owner B-playlist I-playlist O
O B-movie_type B-spatial_relation I-spatial_relation I-spatial_relation
O O O O O O B-party_size_number O O B-restaurant_type O B-country O B-timeRange
O O B-object_name I-object_name B-object_part_of_series_type O B-rating_value
O B-entity_name I-entity_name I-entity_name O B-playlist_owner O O B-playlist I-playlist
O O O B-condition_description B-spatial_relation I-spatial_relation I-spatial_relation I-spatial_relation O B-geographic_poi I-geographic_poi I-geographic_poi I-geographic_poi O B-timeRange I-timeRange I-timeRange I-timeRange
O O B-entity_name O B-playlist_owner B-playlist I-playlist I-playlist I-playlist I-playlist I-playlist O
O B-object_name I-object_name I-object_name I-object_name I-object_name B-object_type
O O B-object_select B-object_type B-rating_value O B-best_rating B-rating_unit
O O O O B-album I-album I-album I-album B-music_item O B-artist I-artist
O O O O O B-city I-city
O O B-object_type O B-movie_name I-movie_name I-movie_name I-movie_name O B-timeRange
O O O O O B-movie_name I-movie_name I-movie_name O O B-object_location_type
O B-object_type I-object_type O B-spatial_relation B-movie_type
O O O O B-movie_type O O B-location_name I-location_name
O O B-music_item O B-artist I-artist O O
O O O O O B-party_size_number O O O O B-state
B-rating_value B-rating_unit O B-object_select B-object_type
O O B-music_item O B-year O B-service
O O B-object_part_of_series_type B-object_select O B-rating_value
O B-track I-track I-track O B-artist I-artist O B-service
O O O B-object_select B-object_type O O O B-rating_value
O O O B-restaurant_type O O B-facility O O O O O B-party_size_number
O O B-music_item O O B-playlist I-playlist O
O O O B-year
O B-movie_type O O O B-location_name I-location_name I-location_name
O B-album I-album I-album I-album O B-artist I-artist
O B-object_select B-object_type O O O O O O O O B-rating_value
O O O O B-party_size_number O O B-city I-city
O O B-object_name I-object_name I-object_name O O B-rating_value O O B-best_rating
O O B-object_type O O B-movie_name I-movie_name I-movie_name I-movie_name I-movie_name I-movie_name
O O O O O B-condition_temperature O B-state
O O O O O B-object_type B-object_name I-object_name
O O B-object_type O B-object_name I-object_name I-object_name I-object_name
O O O B-restaurant_type I-restaurant_type O O O O B-party_size_description I-party_size_description I-party_size_description I-party_size_description O O B-cuisine O
O O B-restaurant_type O B-state
O B-movie_type B-spatial_relation I-spatial_relation O B-object_type I-object_type
O O O O O B-music_item O O B-year
O O B-sort B-restaurant_type O B-party_size_number O O B-timeRange O B-city I-city B-state
O O B-object_type O B-object_name I-object_name I-object_name
O O O O O B-served_dish B-restaurant_type O B-city B-state
O O O O O B-state O B-spatial_relation O O O O B-party_size_number
O O O B-object_name I-object_name I-object_name B-rating_value B-rating_unit O O O O O B-best_rating
O O B-object_type O B-object_name I-object_name
O O B-object_type I-object_type O B-location_name I-location_name
O O O O B-party_size_number O B-city
O B-object_type I-object_type
O O O O O O B-movie_name I-movie_name I-movie_name I-movie_name I-movie_name I-movie_name I-movie_name
O O O B-movie_name I-movie_name I-movie_name I-movie_name O O B-location_name I-location_name I-location_name
O O O O O O B-spatial_relation I-spatial_relation I-spatial_relation O B-state O B-timeRange I-timeRange I-timeRange I-timeRange
O B-artist I-artist I-artist O B-playlist_owner B-playlist O
O B-rating_value O O B-best_rating B-rating_unit O B-object_name I-object_name I-object_name
O O O O O B-timeRange O O B-restaurant_type O O B-served_dish
O O O O O B-party_size_number O O O O B-city O B-timeRange
O O B-movie_name I-movie_name I-movie_name O
O B-object_select B-object_type B-rating_value O B-best_rating
O O O B-condition_description O O B-city I-city B-state I-state
O O B-movie_name I-movie_name I-movie_name O O O B-spatial_relation B-object_location_type
O O O O O O B-restaurant_type O O B-spatial_relation B-city O B-timeRange I-timeRange I-timeRange
O B-track I-track I-track I-track O B-service
O B-artist I-artist O O B-playlist O
O O O O B-party_size_number B-spatial_relation O B-poi O O B-restaurant_type O O B-facility I-facility
O B-timeRange O O B-spatial_relation B-cuisine O O B-party_size_number O O B-sort B-restaurant_type O B-city
O O B-city
O O O B-artist I-artist
O O B-music_item O B-playlist_owner B-playlist O
B-party_size_description I-party_size_description I-party_size_description I-party_size_description O O O O B-spatial_relation I-spatial_relation B-poi
O O O B-condition_temperature O B-city
O O O O O O O B-current_location I-current_location
O O O B-music_item O B-year O B-service
O B-entity_name I-entity_name I-entity_name O B-playlist_owner B-playlist O
O B-object_name I-object_name I-object_name B-rating_value B-rating_unit
O O O B-playlist I-playlist I-playlist O B-entity_name I-entity_name I-entity_name I-entity_name I-entity_name I-entity_name I-entity_name I-entity_name
O O O B-artist I-artist O B-music_item O O B-playlist
O O O O B-object_type I-object_type
O O B-object_type O B-object_name I-object_name I-object_name I-object_name I-object_name
O B-artist I-artist O B-playlist I-playlist I-playlist O
O B-music_item O B-playlist_owner B-playlist I-playlist O
O O O B-object_type I-object_type O B-location_name I-location_name
O B-object_name I-object_name I-object_name I-object_name I-object_name O B-object_type
O O O O O O O B-party_size_number O B-state O O B-restaurant_type I-restaurant_type
O O O B-service O O O O O O B-artist I-artist
O B-object_name I-object_name
O B-movie_type O O O B-location_name I-location_name
O B-object_select B-object_type B-rating_value O O B-best_rating
O B-object_name I-object_name I-object_name O B-object_type I-object_type
O B-entity_name O O B-playlist I-playlist O
O O B-object_type O B-object_name I-object_name I-object_name I-object_name I-object_name I-object_name B-rating_value O O B-best_rating B-rating_unit
O O O O O B-timeRange I-timeRange O B-state
O O B-object_type B-object_name I-object_name I-object_name I-object_name B-rating_value O O B-best_rating B-rating_unit
O O O B-object_name I-object_name I-object_name I-object_name I-object_name B-rating_value B-rating_unit
O O B-object_name I-object_name B-object_type
O B-object_select B-object_type O B-rating_value
O O B-object_name I-object_name I-object_name I-object_name I-object_name B-object_type
O B-object_select B-object_part_of_series_type O B-rating_value B-rating_unit
O O B-spatial_relation I-spatial_relation O O B-poi O O O O B-party_size_number
O O B-music_item B-artist I-artist I-artist O O B-playlist O
O O O O O O O B-timeRange O B-country
B-object_name I-object_name I-object_name O O B-rating_value O
O O O O O O O B-year
O B-movie_type B-spatial_relation I-spatial_relation I-spatial_relation
O O O O O O O O B-music_item O B-playlist I-playlist
O O B-object_type O B-object_name
O O O O O B-movie_name I-movie_name O O B-object_location_type I-object_location_type O B-timeRange
O B-spatial_relation O B-party_size_number O B-state I-state
O O O O B-music_item O B-artist
O O O O O O B-object_name
O B-movie_type O O O B-spatial_relation B-object_location_type I-object_location_type
O B-music_item B-playlist I-playlist O B-playlist_owner O
O O O O B-object_type O B-object_name O O O O O O O
O B-artist I-artist O B-playlist_owner O B-playlist I-playlist I-playlist
O O O O O O B-city
O B-entity_name I-entity_name O B-playlist_owner B-playlist I-playlist I-playlist I-playlist I-playlist I-playlist O
O O O B-sort I-sort B-artist B-music_item O B-service
O O O O O B-condition_temperature O B-timeRange I-timeRange O B-city
O O O B-condition_temperature B-country I-country B-city O B-timeRange I-timeRange I-timeRange
O O O O B-object_name I-object_name B-object_part_of_series_type B-object_type O B-rating_value O O B-best_rating
O O B-year B-music_item O B-artist I-artist O B-service
O O O O B-timeRange I-timeRange I-timeRange I-timeRange O B-geographic_poi I-geographic_poi I-geographic_poi I-geographic_poi
O B-music_item O O O B-year O B-artist I-artist
O O O B-spatial_relation B-object_location_type O B-movie_name I-movie_name I-movie_name I-movie_name
O O O O O O O O B-current_location O B-timeRange I-timeRange
O B-object_name I-object_name I-object_name I-object_name I-object_name
O O O B-condition_temperature B-timeRange I-timeRange I-timeRange I-timeRange O B-city
O O B-object_select B-object_type B-rating_value B-rating_unit
O O O B-condition_temperature O B-timeRange I-timeRange I-timeRange I-timeRange O B-state
O B-artist I-artist O B-playlist I-playlist I-playlist
O O O B-spatial_relation B-object_location_type I-object_location_type O B-movie_name I-movie_name I-movie_name
O O O B-movie_name I-movie_name I-movie_name O O O B-object_location_type I-object_location_type
O B-artist I-artist O B-playlist_owner B-playlist I-playlist O
O B-entity_name I-entity_name I-entity_name I-entity_name O B-playlist I-playlist I-playlist I-playlist I-playlist
O O B-object_select B-object_type O B-rating_value
O B-artist I-artist O B-service
O O O O O O B-timeRange O B-city I-city
O O B-object_location_type B-spatial_relation O B-movie_name I-movie_name
O O B-restaurant_type O B-country O B-party_size_number O O B-timeRange I-timeRange
O O O O O B-timeRange I-timeRange I-timeRange I-timeRange O B-city
O B-movie_type I-movie_type O O B-spatial_relation
B-timeRange I-timeRange I-timeRange I-timeRange O O O O O O B-restaurant_type O B-city
O O O O O O O B-timeRange I-timeRange O B-country
O O B-object_name I-object_name I-object_name I-object_name I-object_name O B-rating_value
O B-playlist I-playlist I-playlist O B-entity_name I-entity_name I-entity_name I-entity_name O B-playlist_owner I-playlist_owner O
O B-object_type I-object_type O B-location_name I-location_name
O B-object_select B-object_type O O O O O O B-rating_value O O B-best_rating
O O B-music_item O B-artist I-artist
O B-playlist I-playlist O B-entity_name I-entity_name I-entity_name I-entity_name I-entity_name
O O B-music_item O B-year
O O O O O B-object_select B-object_type B-rating_value O O B-best_rating B-rating_unit
O B-sort B-music_item O O B-year
O O O B-object_select B-object_part_of_series_type B-rating_value B-rating_unit
O O B-cuisine O B-restaurant_type O B-party_size_number O B-timeRange I-timeRange I-timeRange I-timeRange O B-country
O O B-music_item O B-playlist_owner O B-playlist I-playlist
O O B-object_type O B-object_name I-object_name I-object_name
O O O O B-party_size_description I-party_size_description I-party_size_description I-party_size_description O O B-restaurant_type O O B-served_dish
O O B-object_select B-object_type B-rating_value B-rating_unit
B-object_name I-object_name I-object_name O O B-rating_value O O B-best_rating
O O O O B-object_select B-object_type O B-rating_value O O B-best_rating B-rating_unit
O O O O O B-object_type O B-object_name I-object_name I-object_name I-object_name
O O O O B-state I-state O O B-restaurant_type O O B-facility
O O O B-object_type I-object_type O O B-location_name I-location_name
O O O O O B-condition_temperature O O O B-spatial_relation I-spatial_relation I-spatial_relation O O O O B-country I-country
O O B-object_type I-object_type O B-object_name I-object_name I-object_name
O O O O O O B-condition_temperature B-timeRange I-timeRange I-timeRange I-timeRange O B-city I-city B-state
O O B-artist I-artist I-artist B-music_item O B-service I-service
O B-artist I-artist O B-playlist I-playlist I-playlist I-playlist O
O O O O O O B-object_type B-object_name I-object_name I-object_name I-object_name
O O B-music_item B-track I-track O B-service
O O O B-artist B-music_item O O O O O O B-playlist I-playlist
O O O B-condition_description O B-timeRange I-timeRange I-timeRange O B-city
O O B-timeRange O B-country I-country
O O O O O B-sort B-music_item O B-artist I-artist O B-service I-service
O B-artist I-artist B-music_item O O B-year
B-object_name I-object_name I-object_name I-object_name I-object_name I-object_name O O O B-rating_value O O B-best_rating
O O O B-object_name I-object_name O B-rating_value
O O O O B-restaurant_type O O B-cuisine O B-city B-state I-state
O O B-object_type B-object_name I-object_name I-object_name I-object_name I-object_name I-object_name I-object_name
O O O O O B-state
O B-music_item O B-artist I-artist
O B-object_type I-object_type O B-timeRange I-timeRange
O O B-music_item O B-playlist I-playlist
O B-artist I-artist I-artist O B-playlist_owner B-playlist I-playlist O
O O O O O O O O B-object_type I-object_type B-object_name I-object_name I-object_name I-object_name I-object_name I-object_name I-object_name I-object_name I-object_name I-object_name
O O O B-movie_name I-movie_name O
O O O O B-year O B-service
O O B-music_item B-artist I-artist O B-playlist_owner B-playlist I-playlist O
O O O O O B-city O O B-restaurant_type O O B-facility
O O B-object_name I-object_name
O O O O O B-playlist I-playlist
O O O O O B-restaurant_type O B-party_size_number O B-country O B-restaurant_name I-restaurant_name
O O B-geographic_poi I-geographic_poi I-geographic_poi I-geographic_poi
O O B-music_item B-album I-album O B-artist I-artist
O B-object_select B-object_part_of_series_type B-rating_value O B-best_rating
O O O B-condition_description O B-city I-city I-city
O O O B-object_type B-object_name I-object_name I-object_name I-object_name I-object_name
O B-object_name I-object_name I-object_name B-rating_value B-rating_unit
O O O O B-service I-service
O O B-music_item O B-playlist_owner B-playlist I-playlist O
O O O O B-movie_name I-movie_name I-movie_name I-movie_name O O
O O O O B-timeRange I-timeRange I-timeRange O O O B-spatial_relation O B-poi I-poi I-poi I-poi
O O O O B-object_type I-object_type
O B-music_item O B-playlist I-playlist
O B-service I-service O O B-music_item I-music_item O B-artist I-artist
B-object_select B-object_type O O B-rating_value O B-best_rating O
O O B-restaurant_type O B-party_size_number O B-sort B-city B-state
O O B-restaurant_type
O B-object_name I-object_name I-object_name I-object_name
O O O B-object_type I-object_type O O B-location_name I-location_name I-location_name O B-timeRange I-timeRange I-timeRange
O O O B-year O B-service I-service
O B-entity_name I-entity_name I-entity_name I-entity_name O B-playlist_owner B-playlist O
O O B-object_type I-object_type O B-movie_type I-movie_type B-spatial_relation I-spatial_relation I-spatial_relation
O O O B-sort B-restaurant_type O B-party_size_number O B-state O B-city O B-timeRange I-timeRange I-timeRange I-timeRange
O B-object_name I-object_name I-object_name
O O O O O O O O B-country O O O B-spatial_relation
O O B-object_type I-object_type O B-movie_type B-spatial_relation I-spatial_relation
O B-geographic_poi I-geographic_poi I-geographic_poi I-geographic_poi I-geographic_poi O B-timeRange I-timeRange O O O B-condition_temperature
O B-artist I-artist O B-playlist I-playlist I-playlist I-playlist I-playlist I-playlist I-playlist
O O O O O B-album I-album I-album
B-object_select B-object_type O O O O B-rating_value O O B-best_rating
O O B-artist I-artist B-music_item O B-playlist_owner B-playlist I-playlist I-playlist I-playlist O
O O B-object_location_type I-object_location_type B-spatial_relation O B-movie_type
O O O O O B-current_location O B-timeRange I-timeRange I-timeRange I-timeRange
O O B-object_select B-object_type B-rating_value B-rating_unit
O B-music_item O B-playlist_owner B-playlist I-playlist I-playlist I-playlist I-playlist
O O O O O O O B-country I-country
O O O B-entity_name I-entity_name O B-playlist I-playlist I-playlist I-playlist
O O O O O B-object_type O B-object_name I-object_name I-object_name I-object_name I-object_name I-object_name I-object_name I-object_name I-object_name
O O B-music_item O B-playlist_owner B-playlist I-playlist O
O B-year O
O O O O O O B-object_select B-object_type O O O B-rating_value B-rating_unit
O O B-sort O O B-year B-music_item O
O B-object_select B-object_type O B-rating_value
B-party_size_description I-party_size_description I-party_size_description O O O O B-state O B-timeRange I-timeRange
O B-rating_value O O B-best_rating B-rating_unit O B-object_name I-object_name I-object_name B-object_part_of_series_type
O O B-object_type O B-object_name I-object_name I-object_name
O O B-artist I-artist O B-service
O B-object_name I-object_name I-object_name I-object_name B-rating_value B-rating_unit
O O B-music_item O B-playlist_owner B-playlist I-playlist I-playlist O
B-object_name I-object_name I-object_name I-object_name I-object_name I-object_name O B-rating_value B-rating_unit
O O O O O O B-city B-country O B-timeRange I-timeRange
O O B-object_type I-object_type B-object_name I-object_name I-object_name
O O O O O B-year O O B-artist I-artist
O O B-music_item O B-playlist_owner B-playlist I-playlist O
O O O O O O O B-city I-city B-country O B-timeRange I-timeRange
O O O B-condition_temperature O B-city
O O O O O B-object_type B-object_name I-object_name
O O O O B-condition_temperature O B-geographic_poi I-geographic_poi I-geographic_poi I-geographic_poi
O O O O O B-object_location_type O B-movie_type O B-spatial_relation
O O B-restaurant_type I-restaurant_type O B-city B-state O O B-served_dish I-served_dish I-served_dish O B-timeRange I-timeRange
O B-object_name I-object_name I-object_name I-object_name O B-rating_value B-rating_unit O O B-best_rating
O O O O B-object_select B-object_type B-rating_value O O B-best_rating B-rating_unit
O B-movie_name I-movie_name I-movie_name I-movie_name I-movie_name O O B-location_name I-location_name
O B-artist I-artist
O B-condition_description O O B-timeRange I-timeRange O B-state
O O O O O B-object_name I-object_name I-object_name I-object_name I-object_name
O O O B-movie_name I-movie_name I-movie_name I-movie_name I-movie_name I-movie_name O O
O B-object_name I-object_name I-object_name I-object_name I-object_name B-rating_value O B-best_rating B-rating_unit
O O B-movie_name O O O O
O O B-object_select B-object_type O B-rating_value B-rating_unit
O O O B-object_name I-object_name I-object_name I-object_name B-object_type
O B-entity_name O O B-playlist I-playlist I-playlist I-playlist O
O B-music_item O O B-artist I-artist I-artist O B-service
O O O O O B-movie_name I-movie_name I-movie_name I-movie_name I-movie_name I-movie_name B-object_location_type I-object_location_type
O O O O O O B-timeRange I-timeRange I-timeRange O O B-current_location I-current_location
O B-object_type B-object_name I-object_name I-object_name O O O B-rating_value O O B-best_rating
O B-music_item O O B-playlist I-playlist
O B-entity_name I-entity_name O B-playlist_owner B-playlist I-playlist
O O O O B-object_type I-object_type
O O O O O B-timeRange I-timeRange O B-geographic_poi I-geographic_poi I-geographic_poi
O O O O O B-spatial_relation B-city O O B-restaurant_name I-restaurant_name I-restaurant_name
O O O O O O O O O B-city I-city B-timeRange I-timeRange I-timeRange
O B-object_name I-object_name I-object_name I-object_name I-object_name I-object_name B-rating_value B-rating_unit
O O B-object_select B-object_type B-rating_value B-rating_unit
O O O B-object_name I-object_name I-object_name
O O B-object_type B-object_name I-object_name I-object_name I-object_name
O O O B-condition_temperature O B-city
O O B-movie_name I-movie_name O O O B-spatial_relation B-object_location_type I-object_location_type
B-party_size_description I-party_size_description I-party_size_description I-party_size_description I-party_size_description O O O O O B-restaurant_type O B-country
O O B-party_size_number O O B-restaurant_type I-restaurant_type O B-timeRange I-timeRange O O B-served_dish I-served_dish O B-country
O O O O O B-condition_description O B-city B-state
O O O O O O B-country
O O O B-object_type O B-object_name I-object_name I-object_name
O O O O B-city I-city B-state I-state
O B-artist I-artist O B-playlist_owner B-playlist I-playlist I-playlist I-playlist O
O O B-music_item O B-year
O O O B-movie_name I-movie_name I-movie_name I-movie_name I-movie_name I-movie_name O O B-location_name I-location_name
O O O O O B-object_name I-object_name I-object_name B-object_type
O O B-city I-city
O O B-music_item O O B-playlist I-playlist I-playlist O
O O B-music_item O B-playlist_owner B-playlist I-playlist I-playlist O
O B-entity_name I-entity_name I-entity_name I-entity_name O B-playlist
O B-service O O B-artist I-artist I-artist O O B-year
O O B-condition_temperature B-timeRange O B-city
O O O B-movie_name I-movie_name I-movie_name I-movie_name I-movie_name O O B-object_location_type I-object_location_type
O O B-restaurant_type O O B-state I-state O B-party_size_number O
O O B-artist O O B-playlist_owner B-playlist I-playlist O
O O O B-condition_description O B-state
O B-rating_value O B-best_rating B-rating_unit O B-object_name I-object_name I-object_name I-object_name
O B-object_select B-object_type B-rating_value
O B-artist I-artist O B-playlist I-playlist O
O O O B-condition_temperature B-spatial_relation B-state O B-timeRange I-timeRange I-timeRange
O O O B-artist I-artist
O B-object_location_type O O O O O O B-movie_name I-movie_name I-movie_name I-movie_name I-movie_name I-movie_name I-movie_name I-movie_name I-movie_name
O O O B-object_type O B-movie_type I-movie_type O O B-spatial_relation B-object_location_type
O O O O B-object_name
O O O B-spatial_relation B-object_location_type I-object_location_type O B-movie_name I-movie_name I-movie_name I-movie_name
O B-object_name I-object_name O O O B-rating_value
O O O O O B-object_type B-object_name I-object_name I-object_name
O O O B-spatial_relation B-object_location_type I-object_location_type O B-movie_name I-movie_name I-movie_name
O B-movie_type O O O O O O B-location_name I-location_name O B-timeRange I-timeRange I-timeRange
O O B-sort B-restaurant_type O B-city I-city O B-party_size_number O O B-timeRange
O O B-object_type I-object_type
O B-movie_type O O B-timeRange I-timeRange I-timeRange I-timeRange O B-location_name I-location_name
O O B-object_name I-object_name I-object_name I-object_name I-object_name
O O B-object_name I-object_name B-object_type
O O O O B-object_name I-object_name
O O B-music_item O B-playlist_owner B-playlist I-playlist I-playlist I-playlist I-playlist I-playlist O
O O B-restaurant_type O B-state O B-timeRange
O B-artist I-artist O B-service
O O B-sort B-restaurant_type O B-party_size_number O B-country O B-timeRange I-timeRange I-timeRange I-timeRange I-timeRange I-timeRange I-timeRange
O O B-sort B-artist I-artist B-music_item O B-service
O O O O B-service
O O O O O O B-restaurant_type I-restaurant_type O B-city I-city O B-party_size_number O
O B-entity_name I-entity_name I-entity_name O B-playlist_owner O O B-playlist I-playlist
O O O O O O B-city B-country I-country
O O O O O O B-state
O B-entity_name I-entity_name O B-playlist I-playlist I-playlist I-playlist I-playlist
O O O O O B-movie_type O O O B-spatial_relation B-object_location_type I-object_location_type
O O B-object_name I-object_name I-object_name B-object_type
O O B-object_type B-object_name I-object_name I-object_name
O B-object_name I-object_name I-object_name I-object_name I-object_name I-object_name O B-rating_value
O B-object_name I-object_name I-object_name B-rating_value B-rating_unit
B-object_name I-object_name I-object_name I-object_name I-object_name I-object_name I-object_name I-object_name O O O O B-rating_value
O O O B-object_select B-object_type O B-rating_value
O O O O O B-geographic_poi I-geographic_poi I-geographic_poi I-geographic_poi O B-timeRange I-timeRange
O B-entity_name I-entity_name O B-playlist_owner B-playlist I-playlist I-playlist I-playlist
O O O O O O O B-sort I-sort B-cuisine B-restaurant_type O B-city O B-timeRange I-timeRange
O O O B-object_name I-object_name O B-rating_value O O B-best_rating
O B-object_name O B-object_type I-object_type O O O O
O B-artist I-artist B-album
O B-playlist I-playlist I-playlist I-playlist O O B-entity_name I-entity_name I-entity_name I-entity_name I-entity_name I-entity_name O O
O O O O O B-object_type I-object_type O B-object_name I-object_name
O B-entity_name I-entity_name I-entity_name O B-playlist I-playlist I-playlist
O O O B-condition_temperature O B-state
O B-object_name B-rating_value B-rating_unit O O B-best_rating
O O O O B-condition_description O B-timeRange I-timeRange O B-state
O B-city B-timeRange I-timeRange I-timeRange I-timeRange O O O O B-party_size_number
O B-artist I-artist O O B-playlist I-playlist O
O O O O B-party_size_number O O B-restaurant_name I-restaurant_name
O O O O O B-genre I-genre
O O B-artist I-artist O O B-year
O B-object_name I-object_name I-object_name
O B-artist I-artist O B-playlist_owner B-playlist O
O O O B-condition_description O O O O B-country I-country
B-playlist I-playlist I-playlist O O B-artist I-artist O O O
O B-service O O O O B-artist I-artist O O B-music_item O O O B-year
O B-artist I-artist B-music_item I-music_item
O O O O B-object_select B-object_type B-rating_value B-rating_unit O O O O B-best_rating
O B-object_name
O O O O O B-object_select B-object_type B-rating_value B-rating_unit O O O O O B-best_rating
O O O O O O B-timeRange I-timeRange I-timeRange I-timeRange B-spatial_relation I-spatial_relation I-spatial_relation I-spatial_relation O B-state
O B-entity_name I-entity_name I-entity_name O B-playlist I-playlist
O O B-object_type O B-movie_name I-movie_name I-movie_name O O B-spatial_relation B-object_location_type I-object_location_type
O O O O O O O O O B-spatial_relation O O B-state O O O O B-party_size_number
O O B-music_item B-album I-album O B-artist I-artist
O B-artist I-artist O
O B-object_name I-object_name I-object_name I-object_name I-object_name B-rating_value O B-best_rating
O B-music_item O B-playlist I-playlist I-playlist
O O B-object_type B-object_name I-object_name I-object_name I-object_name
O O B-sort O B-artist I-artist O B-service
O O O O B-cuisine O O O B-restaurant_type O B-party_size_description I-party_size_description I-party_size_description
O O O O O O O O B-genre O
O O O O O B-timeRange I-timeRange I-timeRange I-timeRange O B-city I-city B-state
O O O B-object_type I-object_type O B-location_name I-location_name I-location_name B-timeRange I-timeRange I-timeRange I-timeRange
O O O B-condition_description O B-city
B-timeRange I-timeRange I-timeRange O O O O O O B-condition_description O B-state
O O O O O B-condition_description O O B-current_location I-current_location O B-timeRange
O O B-geographic_poi I-geographic_poi I-geographic_poi B-timeRange I-timeRange I-timeRange I-timeRange
O O B-object_type B-object_part_of_series_type B-object_name I-object_name B-rating_value O O B-best_rating B-rating_unit
O O B-object_name I-object_name I-object_name I-object_name I-object_name O B-rating_value
O B-artist O O B-playlist I-playlist I-playlist I-playlist I-playlist O
O O O B-object_name I-object_name
O B-artist I-artist O B-playlist_owner O O B-playlist I-playlist
O O O O O B-year O B-artist I-artist O B-service
O O O B-party_size_number O O O O B-restaurant_name I-restaurant_name O B-city B-timeRange
O O O O B-object_type O B-object_name I-object_name
O O O O B-party_size_number O O B-served_dish I-served_dish O O B-restaurant_type I-restaurant_type
O O O B-spatial_relation B-object_location_type I-object_location_type O B-movie_type
O B-location_name I-location_name O O O B-object_type I-object_type
O O O O B-restaurant_type O O B-served_dish O B-party_size_description I-party_size_description I-party_size_description I-party_size_description
O B-sort B-artist I-artist O B-service
O O O B-object_type I-object_type
O O B-object_name I-object_name I-object_name
O O O B-condition_description O B-city
O O O O O B-city O B-timeRange
O O B-object_name I-object_name I-object_name O O O B-rating_value
O O O B-condition_description B-spatial_relation O B-current_location I-current_location
O O B-restaurant_type O B-city B-state O B-party_size_number O
O O O O O B-country B-timeRange I-timeRange I-timeRange I-timeRange
O O O O B-current_location
O B-artist O O B-playlist I-playlist I-playlist I-playlist I-playlist I-playlist O
O O O O O O B-condition_description O B-timeRange O B-city O B-state
O O O B-object_type I-object_type O O B-movie_type O B-spatial_relation I-spatial_relation
O O O B-object_type I-object_type O B-movie_type B-spatial_relation I-spatial_relation
O B-artist I-artist O B-playlist_owner B-playlist O
O B-movie_name I-movie_name O
O O O O O B-party_size_number O O B-restaurant_type B-timeRange I-timeRange I-timeRange I-timeRange I-timeRange I-timeRange
O B-artist I-artist B-music_item O O B-service I-service O B-year
O O O O O B-country I-country
O O O O B-condition_description O O O B-current_location I-current_location
O B-rating_value B-rating_unit O B-object_select B-object_type
O O B-movie_name I-movie_name I-movie_name B-movie_type
O B-artist I-artist O B-playlist_owner B-playlist I-playlist O
O O B-music_item O B-year
O B-object_name I-object_name I-object_name I-object_name I-object_name I-object_name
O O B-music_item O B-playlist I-playlist
O O O O O O B-country
O B-object_select B-object_part_of_series_type B-rating_value B-rating_unit
O O O O O B-movie_name I-movie_name I-movie_name O B-location_name I-location_name O B-timeRange O
O B-entity_name I-entity_name O B-playlist_owner B-playlist I-playlist O
O O B-artist I-artist O B-playlist_owner B-playlist I-playlist I-playlist O
O B-object_name I-object_name O B-rating_value
O O O O B-music_item B-album I-album I-album I-album O B-artist I-artist
O O O B-current_location
O B-music_item O B-playlist_owner B-playlist I-playlist I-playlist I-playlist
O O O O O O B-timeRange O B-country I-country
O B-object_name I-object_name O B-rating_value
O B-object_name I-object_name I-object_name I-object_name O B-object_type I-object_type
O O B-music_item O B-playlist_owner B-playlist I-playlist I-playlist O
O O O O O O O B-party_size_number O B-timeRange I-timeRange I-timeRange O B-city B-state I-state
O B-playlist I-playlist
O B-entity_name I-entity_name I-entity_name I-entity_name O B-playlist_owner B-playlist I-playlist I-playlist I-playlist O
O O O B-object_type I-object_type O B-movie_type B-spatial_relation I-spatial_relation I-spatial_relation
O B-object_name I-object_name B-rating_value B-rating_unit
O O B-object_select B-object_part_of_series_type O O B-rating_value O O B-best_rating O B-rating_unit
O O O B-movie_name I-movie_name O
O O B-object_name I-object_name I-object_name
B-object_name I-object_name I-object_name I-object_name O B-rating_value B-rating_unit
O O B-genre O
O B-entity_name I-entity_name O O B-playlist I-playlist O
O O B-object_name I-object_name I-object_name I-object_name I-object_name B-object_type
O O O B-condition_temperature B-timeRange I-timeRange I-timeRange I-timeRange O B-geographic_poi I-geographic_poi I-geographic_poi I-geographic_poi
O B-object_name I-object_name I-object_name I-object_name I-object_name
O O O O B-object_name I-object_name I-object_name I-object_name I-object_name B-object_type I-object_type
O B-object_select B-object_type O B-rating_value
O O B-restaurant_type O B-city B-timeRange I-timeRange I-timeRange
O O O B-condition_description O B-timeRange I-timeRange I-timeRange O B-state
O B-movie_type I-movie_type O O B-location_name I-location_name
O B-artist I-artist O B-playlist_owner B-playlist O
O B-object_name I-object_name I-object_name I-object_name B-rating_value O O B-best_rating
O B-timeRange O B-object_type I-object_type B-spatial_relation I-spatial_relation O B-movie_type
O O B-condition_temperature O B-geographic_poi I-geographic_poi I-geographic_poi
O O O B-restaurant_type O B-timeRange I-timeRange O B-city I-city
O O O O O O B-condition_temperature B-timeRange I-timeRange I-timeRange I-timeRange O B-country
O O O O O B-restaurant_name I-restaurant_name I-restaurant_name O B-party_size_description I-party_size_description I-party_size_description
O O O O O B-city
O O B-object_name I-object_name I-object_name I-object_name I-object_name I-object_name I-object_name O B-rating_value O O B-best_rating B-rating_unit
O O O O O O O B-state
O O O B-object_name I-object_name I-object_name I-object_name I-object_name B-object_type I-object_type
O O O O B-location_name I-location_name O B-movie_name I-movie_name I-movie_name I-movie_name I-movie_name
O O O O O B-playlist I-playlist I-playlist I-playlist B-music_item O B-playlist_owner O
O O B-playlist_owner B-playlist O O B-music_item O B-artist I-artist
O O O B-condition_description O B-city I-city
O O O O O O B-condition_temperature O B-state B-timeRange I-timeRange I-timeRange
O O O B-movie_name I-movie_name I-movie_name I-movie_name O O
O O B-sort O B-music_item O B-year
O O O O O O O O O B-movie_name I-movie_name
O O B-year B-music_item O B-service
B-party_size_description I-party_size_description I-party_size_description I-party_size_description O O O B-cuisine O O B-restaurant_type O B-city B-timeRange
O O B-year B-music_item I-music_item O B-artist I-artist I-artist O B-service I-service
O B-object_name I-object_name I-object_name I-object_name I-object_name
O O B-object_type O B-object_name I-object_name I-object_name I-object_name I-object_name
O O O O O B-restaurant_type B-spatial_relation O O B-poi I-poi I-poi I-poi O B-party_size_number O
O O O O O B-condition_description O B-state
O B-object_select B-object_type B-rating_value B-rating_unit O O B-best_rating
B-object_name I-object_name I-object_name O B-rating_value O O B-best_rating B-rating_unit
O O B-music_item O O O B-artist I-artist
O O B-cuisine B-restaurant_type O B-city B-state B-timeRange O B-party_size_number O
O B-object_type O B-object_name I-object_name I-object_name I-object_name
O O O B-timeRange I-timeRange I-timeRange I-timeRange O O B-restaurant_type O B-facility
O B-object_select B-object_type B-rating_value O B-best_rating
O O B-sort I-sort B-restaurant_type O O O B-cuisine O B-city I-city B-state B-timeRange I-timeRange I-timeRange O B-party_size_description I-party_size_description I-party_size_description I-party_size_description I-party_size_description I-party_size_description
O O O B-condition_description B-timeRange O B-city I-city I-city B-state
O O O O O O O O B-spatial_relation B-restaurant_type
O O O O O B-restaurant_type O B-restaurant_type O B-state
O O O O O B-object_name I-object_name I-object_name B-object_type
O B-album I-album I-album O B-artist I-artist I-artist
O O B-object_type I-object_type O B-object_name I-object_name I-object_name I-object_name I-object_name I-object_name
O O B-best_rating O O O B-object_select B-object_type B-rating_value
O B-playlist I-playlist I-playlist I-playlist I-playlist I-playlist O O O B-entity_name I-entity_name I-entity_name
O B-object_name I-object_name I-object_name I-object_name I-object_name I-object_name I-object_name O B-object_type
O B-artist I-artist O B-playlist_owner B-playlist I-playlist O
O B-object_name I-object_name I-object_name O B-object_type
O O B-object_type I-object_type O B-location_name I-location_name I-location_name
O O O B-object_type I-object_type O
O B-movie_type I-movie_type O O O B-location_name I-location_name
O O B-object_name I-object_name I-object_name I-object_name O B-rating_value
B-party_size_description I-party_size_description I-party_size_description I-party_size_description I-party_size_description I-party_size_description O O O O O O B-sort I-sort B-restaurant_type
O O B-object_type B-object_part_of_series_type B-object_name I-object_name I-object_name I-object_name O B-rating_value
O B-year O O B-artist I-artist I-artist
O O O O O O B-restaurant_type O O B-served_dish B-timeRange I-timeRange I-timeRange I-timeRange
O O O B-condition_temperature B-current_location
O O O B-year
O O O O O O O O B-restaurant_name I-restaurant_name I-restaurant_name O B-state O B-timeRange I-timeRange
O O B-music_item O B-playlist_owner B-playlist I-playlist I-playlist O
O O B-sort B-music_item O O B-year
O O O B-movie_name I-movie_name I-movie_name I-movie_name I-movie_name I-movie_name I-movie_name I-movie_name O
O O B-object_name I-object_name I-object_name I-object_name I-object_name I-object_name I-object_name B-object_type I-object_type
O B-object_select B-object_type B-rating_value B-rating_unit O B-best_rating
O O O O B-city
O B-movie_name I-movie_name O O B-location_name I-location_name
O O B-timeRange I-timeRange O B-state
O O O O O B-object_select B-object_type B-rating_value B-rating_unit
O O O O B-object_select B-object_type B-rating_value B-rating_unit
O O O O B-condition_description B-timeRange I-timeRange I-timeRange I-timeRange O B-geographic_poi I-geographic_poi I-geographic_poi I-geographic_poi
O B-artist I-artist O
O B-object_name I-object_name B-rating_value O B-best_rating B-rating_unit
O O O O O B-object_select B-object_part_of_series_type O O O B-rating_value O O O O O B-best_rating
O B-sort B-artist I-artist
O O O O O O O O B-service
O B-rating_value O O B-best_rating B-rating_unit O B-object_name I-object_name I-object_name I-object_name
O O O O O O B-movie_name I-movie_name I-movie_name I-movie_name O O O O B-object_location_type I-object_location_type
O O B-music_item O O B-playlist I-playlist I-playlist I-playlist I-playlist I-playlist O
O O O O O B-movie_name I-movie_name I-movie_name I-movie_name I-movie_name O B-location_name I-location_name
O O O B-object_type B-object_name I-object_name I-object_name I-object_name
O B-artist I-artist O
O O O B-artist I-artist B-music_item O B-service
O O B-music_item O B-artist I-artist
O B-object_select B-object_type B-rating_value B-rating_unit
O O O O O B-condition_temperature O B-city
O O O B-entity_name I-entity_name I-entity_name O O O O B-playlist
O O O O O B-restaurant_type B-spatial_relation B-poi I-poi
O O O O B-object_select B-object_type O O B-rating_value
O O B-sort O B-artist I-artist I-artist
O O O O O B-condition_description O B-timeRange I-timeRange I-timeRange B-spatial_relation B-state I-state I-state
O O O B-object_name I-object_name I-object_name B-object_type
O O O O O O B-sort I-sort B-artist O B-service I-service
O O O B-playlist I-playlist
O O B-music_item O B-year
O O O O O O O B-object_name I-object_name
B-object_name I-object_name I-object_name I-object_name O O O B-rating_value
O O B-object_type B-object_name I-object_name I-object_name I-object_name I-object_name I-object_name
O O O B-condition_description O O O O B-current_location I-current_location
O O O O O O O B-current_location I-current_location O B-timeRange I-timeRange
O O O B-object_select B-object_type B-rating_value O B-best_rating B-rating_unit
O O O O O B-city I-city
O O O B-object_select B-object_type O O O B-rating_value O O O O O B-best_rating
O O B-condition_temperature O B-country
O O O B-artist I-artist
O O O O O O B-party_size_number O O B-restaurant_type
O B-playlist O
O O B-playlist I-playlist O O B-service
O B-music_item B-artist I-artist O B-playlist_owner B-playlist I-playlist I-playlist O
O O B-music_item O B-playlist_owner B-playlist I-playlist I-playlist I-playlist O
O O O B-object_type I-object_type B-timeRange I-timeRange I-timeRange I-timeRange
O O B-condition_temperature O B-city
O B-movie_name I-movie_name I-movie_name O O B-timeRange O
O O O O O B-city I-city B-country O B-timeRange
O B-album I-album I-album I-album O B-artist I-artist
O O O O O O B-city B-state I-state
O O B-restaurant_type O B-facility O O B-party_size_number
O O B-object_type B-object_name I-object_name I-object_name I-object_name I-object_name
O O O O O B-restaurant_name I-restaurant_name O B-timeRange I-timeRange
O O O O B-object_name I-object_name O B-rating_value O O O O O B-best_rating
O O B-music_item O B-playlist_owner B-playlist I-playlist I-playlist I-playlist O
O O B-music_item O B-artist I-artist O B-playlist_owner B-playlist I-playlist I-playlist O
O O B-movie_name I-movie_name O O B-location_name I-location_name
O O O B-object_name I-object_name I-object_name I-object_name B-rating_value B-rating_unit
O O B-music_item O O B-year O B-service
O O B-music_item O B-playlist_owner O B-playlist I-playlist I-playlist I-playlist
O B-entity_name I-entity_name O B-playlist
O B-artist I-artist I-artist O B-playlist_owner B-playlist I-playlist I-playlist O
O O B-music_item O B-artist I-artist O B-playlist I-playlist B-playlist_owner O
O O O B-object_name I-object_name I-object_name I-object_name I-object_name B-object_type I-object_type
O O O O B-sort B-music_item O O O B-artist
O O B-music_item O B-playlist_owner B-playlist I-playlist O
O O O B-object_select B-object_type B-rating_value B-rating_unit
O O O B-movie_type O O B-location_name I-location_name
O O B-object_type I-object_type O B-object_name I-object_name
O O B-music_item O B-playlist_owner B-playlist I-playlist I-playlist
O O B-entity_name I-entity_name I-entity_name O B-playlist_owner O O B-playlist I-playlist
O B-object_type I-object_type
O B-object_name I-object_name I-object_name I-object_name I-object_name B-rating_value O B-best_rating B-rating_unit
O B-year O O B-service
O O O B-condition_temperature O B-geographic_poi I-geographic_poi I-geographic_poi I-geographic_poi
O O O O O O B-city I-city
O B-object_name I-object_name O B-rating_value
O B-object_name I-object_name I-object_name I-object_name O B-object_type
O O O O O O B-restaurant_type O B-country
O B-music_item O B-playlist I-playlist I-playlist I-playlist I-playlist I-playlist
O O B-artist I-artist B-music_item O B-playlist_owner B-playlist I-playlist I-playlist I-playlist O
O O O O B-object_type I-object_type
O O B-restaurant_type O O B-country I-country B-timeRange I-timeRange I-timeRange O O O O B-party_size_number
O O B-object_name I-object_name I-object_name B-rating_value B-rating_unit
O O B-condition_description O B-city I-city
O O B-object_type I-object_type O B-object_name I-object_name
O O O O O O B-restaurant_type O O O B-served_dish I-served_dish I-served_dish
O O B-sort B-year B-music_item I-music_item O B-artist I-artist
O O O B-movie_name I-movie_name O O B-location_name I-location_name
B-rating_unit O O B-object_type O B-rating_value O O B-object_select B-best_rating O
O B-object_name I-object_name I-object_name B-object_type
O O O B-entity_name O O O B-playlist I-playlist
O O O O B-city
O B-movie_name I-movie_name I-movie_name I-movie_name O O O B-object_location_type
O O O B-object_name I-object_name
O O O B-spatial_relation B-object_location_type I-object_location_type O B-movie_type I-movie_type
O O O O O O B-condition_temperature B-timeRange I-timeRange I-timeRange O B-country
O O O O B-restaurant_name I-restaurant_name O O B-spatial_relation B-poi I-poi
O O O B-condition_description O B-city I-city B-country I-country I-country I-country B-timeRange I-timeRange I-timeRange I-timeRange
O O O O O B-timeRange I-timeRange O B-geographic_poi I-geographic_poi I-geographic_poi I-geographic_poi I-geographic_poi
O B-music_item O B-playlist I-playlist
O B-object_name I-object_name I-object_name I-object_name I-object_name O B-object_type
O O O O O B-condition_description O B-timeRange I-timeRange O B-geographic_poi I-geographic_poi I-geographic_poi
O B-object_type O B-object_name I-object_name I-object_name I-object_name I-object_name
O O O B-condition_temperature B-timeRange I-timeRange I-timeRange O B-country
O O B-country
O O O O B-party_size_number O O O O B-restaurant_type B-poi I-poi O O B-served_dish I-served_dish I-served_dish O O B-spatial_relation I-spatial_relation I-spatial_relation I-spatial_relation
O O O O O B-object_type I-object_type O B-object_name I-object_name I-object_name I-object_name I-object_name
O O B-restaurant_type O B-state O B-city
O B-object_name I-object_name I-object_name B-rating_value B-rating_unit
O O O O O O O B-served_dish B-restaurant_type O B-state
O O O O O O B-object_name I-object_name I-object_name I-object_name I-object_name I-object_name I-object_name I-object_name I-object_name
O B-movie_name O O B-location_name I-location_name
O O B-object_select B-object_type O B-rating_value O O B-best_rating
O B-year O
O O O O O B-object_type O B-object_name I-object_name I-object_name I-object_name I-object_name I-object_name
O O O B-condition_description O B-country O B-timeRange
O O O O B-party_size_number O O B-restaurant_type O O B-served_dish O B-city B-state B-timeRange
O B-music_item B-playlist I-playlist
O O O B-object_type I-object_type B-spatial_relation I-spatial_relation I-spatial_relation O O O O B-timeRange I-timeRange O B-movie_type I-movie_type
O O O O O B-party_size_number O B-timeRange I-timeRange O B-restaurant_name I-restaurant_name I-restaurant_name I-restaurant_name
O O O B-object_type B-object_name I-object_name I-object_name
O O O O O O O O O B-restaurant_type O B-country
B-object_select O O B-rating_value O B-object_type
O O O B-movie_type O O O B-spatial_relation I-spatial_relation I-spatial_relation
O O O O B-object_name I-object_name I-object_name I-object_name
O O B-restaurant_type O O B-facility B-spatial_relation I-spatial_relation I-spatial_relation I-spatial_relation O O B-poi O B-party_size_number O O B-timeRange
O O B-object_name I-object_name I-object_name B-object_part_of_series_type B-rating_value O B-best_rating
O O O O O B-object_type I-object_type B-object_name I-object_name I-object_name I-object_name
O O O O O B-sort B-artist I-artist
O B-artist O B-playlist_owner I-playlist_owner O O B-playlist I-playlist
O O O O B-party_size_description I-party_size_description I-party_size_description I-party_size_description O O B-restaurant_type I-restaurant_type
O O B-object_type O B-object_name I-object_name I-object_name
O O O B-object_type I-object_type O B-movie_type O O O B-spatial_relation B-timeRange I-timeRange I-timeRange
O B-music_item O O B-artist I-artist
O O O O B-restaurant_type O B-country O B-party_size_number O B-timeRange I-timeRange
O O O B-movie_type O O O B-spatial_relation B-object_location_type O
O O O B-movie_name O O O B-location_name I-location_name
O B-object_name I-object_name I-object_name
O O B-object_name I-object_name I-object_name I-object_name O B-rating_value O B-best_rating
O B-object_select B-object_type B-rating_value O B-best_rating B-rating_unit
O O O B-object_type B-object_name I-object_name I-object_name
O O O B-movie_name I-movie_name O
O O B-object_select B-object_part_of_series_type O B-rating_value
O B-object_name I-object_name I-object_name I-object_name
O O O O B-object_select B-object_part_of_series_type B-rating_value B-rating_unit
O O O O O O B-movie_name I-movie_name I-movie_name O B-location_name I-location_name I-location_name
O O O O B-condition_description O B-timeRange I-timeRange O O B-current_location I-current_location
O O O B-object_type O B-object_name
O B-rating_value O B-best_rating B-rating_unit O B-object_name I-object_name I-object_name I-object_name I-object_name I-object_name I-object_name I-object_name I-object_name I-object_name
O O O O O O O O B-state B-geographic_poi
O O O O B-object_select B-object_type B-rating_value O O B-best_rating
O O B-restaurant_type O B-state O B-party_size_number
O O O O O B-party_size_number O B-city O B-timeRange I-timeRange
O B-artist B-music_item O B-playlist_owner O B-playlist I-playlist I-playlist
O B-object_type I-object_type O B-movie_type B-spatial_relation I-spatial_relation I-spatial_relation
O O O B-movie_name O O B-spatial_relation B-object_location_type
O B-timeRange O B-restaurant_name I-restaurant_name I-restaurant_name O B-party_size_number B-party_size_description I-party_size_description I-party_size_description I-party_size_description I-party_size_description O B-country
O B-object_name I-object_name I-object_name I-object_name I-object_name B-rating_value O O B-best_rating
O B-rating_value O O B-object_name I-object_name I-object_name I-object_name I-object_name I-object_name I-object_name B-object_type
O B-movie_name I-movie_name
O O O O O B-condition_temperature O B-state B-timeRange
O O O B-year
O O O O B-spatial_relation O O B-country
O O B-object_type O B-object_name I-object_name I-object_name I-object_name
O O O O O B-rating_value O B-object_name I-object_name I-object_name
O O O O O B-object_type O B-object_name I-object_name I-object_name I-object_name
O B-entity_name I-entity_name O B-playlist O
O O O O O B-object_type O B-object_name I-object_name I-object_name
O O B-restaurant_type O B-timeRange I-timeRange
O O O B-timeRange B-object_type I-object_type
O O B-sort B-year B-music_item
O O O B-object_type I-object_type O B-spatial_relation B-movie_type
O O O O O B-movie_name I-movie_name O O B-timeRange I-timeRange I-timeRange I-timeRange I-timeRange I-timeRange I-timeRange
O O B-sort I-sort B-restaurant_type O B-country I-country I-country O B-party_size_number O O B-timeRange I-timeRange I-timeRange
O B-service O O O B-genre
O O B-genre O B-service
O B-object_name I-object_name
O O B-restaurant_type I-restaurant_type O B-state O B-party_size_description I-party_size_description I-party_size_description I-party_size_description I-party_size_description
O B-service O
O B-entity_name I-entity_name I-entity_name I-entity_name O B-playlist_owner B-playlist I-playlist O
O B-object_name O O
O O O B-condition_description O B-timeRange O B-geographic_poi I-geographic_poi I-geographic_poi I-geographic_poi
O O B-object_type O B-object_name I-object_name I-object_name I-object_name I-object_name I-object_name
O B-entity_name I-entity_name I-entity_name I-entity_name I-entity_name O B-playlist_owner B-playlist I-playlist
O O B-object_type O B-movie_name I-movie_name B-timeRange I-timeRange I-timeRange I-timeRange O O B-spatial_relation B-object_location_type
O O B-sort B-music_item O O B-artist I-artist
O B-service O O O B-artist I-artist B-music_item O B-year
O O O O O B-restaurant_type O B-city I-city O O B-served_dish I-served_dish
O O O O O B-track I-track I-track I-track O B-service
O O O O O B-party_size_description I-party_size_description I-party_size_description I-party_size_description O O B-state
O O O O O B-object_type B-object_name I-object_name I-object_name I-object_name O O O O B-rating_value
O B-movie_name I-movie_name I-movie_name O B-location_name I-location_name
O B-artist I-artist O O B-playlist O
O O O O O O O B-city I-city
O O B-entity_name I-entity_name I-entity_name I-entity_name O B-playlist_owner B-playlist I-playlist I-playlist
O B-rating_value O O B-best_rating B-rating_unit O B-object_select B-object_type
O O O O O O B-city
O B-playlist I-playlist O O B-service
O B-artist I-artist O B-service
O O O B-restaurant_type O O B-sort I-sort O B-party_size_description I-party_size_description I-party_size_description O B-country
O B-object_name I-object_name B-object_part_of_series_type B-rating_value B-rating_unit O O B-best_rating
B-party_size_description I-party_size_description I-party_size_description O O O B-state O O
O O O O B-party_size_description I-party_size_description I-party_size_description O B-country
O O O O B-object_name I-object_name B-object_part_of_series_type B-rating_value B-rating_unit O O B-best_rating
O B-object_name I-object_name I-object_name I-object_name
O O O O O O O B-sort B-restaurant_type I-restaurant_type O B-cuisine O B-timeRange I-timeRange O B-country
O B-entity_name I-entity_name I-entity_name I-entity_name O B-playlist I-playlist I-playlist
O B-music_item O B-playlist_owner B-playlist O
O O O B-object_type I-object_type
O O O B-music_item O O B-year
O B-artist I-artist O B-playlist I-playlist I-playlist
O O B-object_type I-object_type O B-object_name I-object_name I-object_name I-object_name I-object_name I-object_name
O O B-music_item O B-playlist_owner B-playlist O
O O O O O O B-country I-country I-country B-timeRange I-timeRange I-timeRange I-timeRange
O O O B-condition_temperature O B-state B-timeRange I-timeRange I-timeRange I-timeRange I-timeRange I-timeRange I-timeRange
O O B-object_select B-object_type B-rating_value O O B-best_rating B-rating_unit
O O O B-object_type I-object_type O O B-location_name I-location_name I-location_name
O B-rating_value O O B-best_rating B-rating_unit O B-object_name I-object_name
O B-rating_value B-rating_unit O B-object_select B-object_type
O O O O O B-artist I-artist I-artist O O O B-playlist I-playlist I-playlist
O O O B-movie_name I-movie_name I-movie_name O
O O O B-music_item O B-playlist_owner I-playlist_owner O O B-playlist I-playlist
O B-object_name I-object_name
O O O O O B-condition_description O B-city
O O O B-sort B-restaurant_type
O B-entity_name I-entity_name I-entity_name O B-playlist_owner B-playlist I-playlist I-playlist I-playlist O
O O O B-restaurant_type O B-timeRange I-timeRange I-timeRange I-timeRange O B-state
O B-object_type B-object_name I-object_name
O O O B-spatial_relation B-object_location_type I-object_location_type O B-movie_name I-movie_name
O B-object_select B-object_type O O B-rating_value
O O B-year B-music_item O O B-service
O O B-object_type I-object_type
O O O B-music_item O O B-year
O B-rating_value B-rating_unit O O B-object_select B-object_part_of_series_type
O O O B-sort B-music_item O B-artist I-artist O B-service
O B-service O B-playlist
O O O B-music_item O B-playlist_owner I-playlist_owner B-playlist I-playlist O
O O O B-artist I-artist I-artist
O B-movie_type I-movie_type O O B-timeRange B-spatial_relation I-spatial_relation I-spatial_relation
O O O B-condition_description O B-geographic_poi I-geographic_poi I-geographic_poi
O O O O B-movie_name I-movie_name I-movie_name I-movie_name O B-location_name I-location_name
O O O O O B-condition_temperature B-spatial_relation B-state
O O O O B-party_size_number O B-country O B-timeRange
O O O O B-movie_name I-movie_name O O B-timeRange
O B-movie_name I-movie_name O O B-spatial_relation B-object_location_type
O O B-music_item O B-playlist_owner B-playlist I-playlist O
O B-movie_name I-movie_name I-movie_name I-movie_name I-movie_name O O B-timeRange I-timeRange I-timeRange O O B-spatial_relation B-object_location_type I-object_location_type
O O O B-movie_name I-movie_name I-movie_name I-movie_name I-movie_name I-movie_name O
O O O O B-movie_type I-movie_type O O O B-spatial_relation I-spatial_relation I-spatial_relation O B-timeRange I-timeRange
O O O O O O O O B-object_name I-object_name
O O O O O B-object_select B-object_type O O O B-rating_value
O O O O B-object_select B-object_type B-rating_value O O B-best_rating B-rating_unit
O B-year O O B-artist O B-service I-service
O O O O O O B-timeRange I-timeRange I-timeRange I-timeRange O B-geographic_poi I-geographic_poi I-geographic_poi I-geographic_poi
O B-object_name I-object_name I-object_name O B-rating_value
O O O B-spatial_relation B-object_location_type I-object_location_type O B-movie_name I-movie_name
O O O O B-movie_type O B-location_name I-location_name
O B-object_type O B-object_name I-object_name I-object_name I-object_name I-object_name
O B-object_name I-object_name I-object_name B-object_type
O O O B-sort B-artist I-artist B-music_item O B-service
O O B-object_select B-object_type B-rating_value B-rating_unit
O B-artist O B-music_item O B-playlist_owner B-playlist I-playlist I-playlist I-playlist I-playlist I-playlist O
O O O B-object_name I-object_name I-object_name
O O O O O B-spatial_relation I-spatial_relation I-spatial_relation I-spatial_relation O B-state O B-timeRange I-timeRange I-timeRange
O O O O B-party_size_number O O O B-restaurant_type O B-timeRange I-timeRange I-timeRange
O B-object_name I-object_name I-object_name I-object_name O B-rating_value
O O O B-year B-music_item O B-artist I-artist
O B-movie_name I-movie_name O B-location_name I-location_name
O O O O O O B-current_location I-current_location
O O O O B-artist I-artist O B-playlist_owner B-playlist I-playlist O
O B-timeRange I-timeRange I-timeRange O O O O B-party_size_description I-party_size_description I-party_size_description O B-country
O O O O O B-city I-city O B-timeRange I-timeRange O B-state
O B-genre O B-service
O O B-object_type I-object_type B-object_name
O O O O O B-object_type O B-object_name I-object_name
O B-rating_value O O B-object_select B-object_type
O B-object_name I-object_name I-object_name
O O O B-object_name
O O B-object_type O B-object_name I-object_name I-object_name I-object_name
O B-object_type I-object_type O O B-timeRange
O O O O B-party_size_description I-party_size_description I-party_size_description I-party_size_description I-party_size_description O O B-sort B-restaurant_type O O B-spatial_relation O B-poi I-poi O B-timeRange I-timeRange I-timeRange I-timeRange O O B-cuisine
O O B-object_location_type I-object_location_type O B-movie_name I-movie_name I-movie_name I-movie_name
O O O B-object_name I-object_name I-object_name I-object_name I-object_name O B-rating_value O B-best_rating B-rating_unit
O O B-music_item O B-artist O B-playlist I-playlist I-playlist I-playlist I-playlist
O O B-object_name I-object_name I-object_name B-object_type
O B-object_name I-object_name I-object_name B-rating_value O B-best_rating B-rating_unit
O B-entity_name O B-playlist I-playlist I-playlist
O O O O O O B-city I-city B-state
O B-artist O O B-sort O
O B-artist I-artist O B-playlist I-playlist I-playlist
O B-rating_value O O B-best_rating B-rating_unit O B-object_name I-object_name I-object_name I-object_name I-object_name I-object_name
O O B-restaurant_type O B-facility O B-party_size_description I-party_size_description I-party_size_description I-party_size_description
O O O O B-year
O B-object_name I-object_name I-object_name I-object_name I-object_name B-rating_value O O B-best_rating
O O O O B-object_select B-object_type O B-rating_value B-rating_unit
O B-object_name I-object_name I-object_name B-rating_value O B-best_rating
O O O O O O B-country I-country
O B-object_name I-object_name I-object_name I-object_name I-object_name I-object_name I-object_name I-object_name